# JRE version: OpenJDK Runtime Environment (17.0.9+9) (build 17.0.9+9-Ubuntu-123.10)
# Java VM: OpenJDK 64-Bit Server VM (17.0.9+9-Ubuntu-123.10, mixed mode, sharing, tiered, compressed oops, compressed class ptrs, parallel gc, linux-aarch64)
GC Precious Log:
 CPUs: 8 total, 8 available
 Memory: 5612M
 Large Page Support: Disabled
 NUMA Support: Disabled
 Compressed Oops: Enabled (32-bit)
 Alignments: Space 512K, Generation 512K, Heap 2M
 Heap Min Capacity: 100M
 Heap Initial Capacity: 100M
 Heap Max Capacity: 1G
 Pre-touch: Disabled
 Parallel Workers: 8
Heap:
 PSYoungGen      total 47104K, used 38954K [0x00000000eab00000, 0x00000000ee900000, 0x0000000100000000)
  eden space 34304K, 100% used [0x00000000eab00000,0x00000000ecc80000,0x00000000ecc80000)
  from space 12800K, 36% used [0x00000000ed900000,0x00000000edd8a858,0x00000000ee580000)
  to   space 12800K, 7% used [0x00000000ecc80000,0x00000000ecd77cb0,0x00000000ed900000)
 ParOldGen       total 336384K, used 271584K [0x00000000c0000000, 0x00000000d4880000, 0x00000000eab00000)
  object space 336384K, 80% used [0x00000000c0000000,0x00000000d0938300,0x00000000d4880000)
 Metaspace       used 54671K, committed 55616K, reserved 1114112K
  class space    used 6391K, committed 6784K, reserved 1048576K
GC Heap History (20 events):
Event: 39.966 GC heap after
{Heap after GC invocations=131 (full 8):
 PSYoungGen      total 26112K, used 5614K [0x00000000eab00000, 0x00000000eda80000, 0x0000000100000000)
  eden space 20480K, 0% used [0x00000000eab00000,0x00000000eab00000,0x00000000ebf00000)
  from space 5632K, 99% used [0x00000000eca00000,0x00000000ecf7bb90,0x00000000ecf80000)
  to   space 11264K, 0% used [0x00000000ebf00000,0x00000000ebf00000,0x00000000eca00000)
 ParOldGen       total 271872K, used 224201K [0x00000000c0000000, 0x00000000d0980000, 0x00000000eab00000)
  object space 271872K, 82% used [0x00000000c0000000,0x00000000cdaf24e8,0x00000000d0980000)
 Metaspace       used 52464K, committed 53440K, reserved 1114112K
  class space    used 6113K, committed 6528K, reserved 1048576K
}
Event: 40.058 GC heap before
{Heap before GC invocations=132 (full 8):
 PSYoungGen      total 26112K, used 26094K [0x00000000eab00000, 0x00000000eda80000, 0x0000000100000000)
  eden space 20480K, 100% used [0x00000000eab00000,0x00000000ebf00000,0x00000000ebf00000)
  from space 5632K, 99% used [0x00000000eca00000,0x00000000ecf7bb90,0x00000000ecf80000)
  to   space 11264K, 0% used [0x00000000ebf00000,0x00000000ebf00000,0x00000000eca00000)
 ParOldGen       total 271872K, used 224201K [0x00000000c0000000, 0x00000000d0980000, 0x00000000eab00000)
  object space 271872K, 82% used [0x00000000c0000000,0x00000000cdaf24e8,0x00000000d0980000)
 Metaspace       used 52476K, committed 53440K, reserved 1114112K
  class space    used 6116K, committed 6528K, reserved 1048576K
}
Event: 40.082 GC heap after
{Heap after GC invocations=132 (full 8):
 PSYoungGen      total 25088K, used 4173K [0x00000000eab00000, 0x00000000ece00000, 0x0000000100000000)
  eden space 20480K, 0% used [0x00000000eab00000,0x00000000eab00000,0x00000000ebf00000)
  from space 4608K, 90% used [0x00000000ebf00000,0x00000000ec3135c0,0x00000000ec380000)
  to   space 6656K, 0% used [0x00000000ec780000,0x00000000ec780000,0x00000000ece00000)
 ParOldGen       total 271872K, used 229742K [0x00000000c0000000, 0x00000000d0980000, 0x00000000eab00000)
  object space 271872K, 84% used [0x00000000c0000000,0x00000000ce05b808,0x00000000d0980000)
 Metaspace       used 52476K, committed 53440K, reserved 1114112K
  class space    used 6116K, committed 6528K, reserved 1048576K
}
Event: 40.265 GC heap before
{Heap before GC invocations=133 (full 8):
 PSYoungGen      total 25088K, used 24653K [0x00000000eab00000, 0x00000000ece00000, 0x0000000100000000)
  eden space 20480K, 100% used [0x00000000eab00000,0x00000000ebf00000,0x00000000ebf00000)
  from space 4608K, 90% used [0x00000000ebf00000,0x00000000ec3135c0,0x00000000ec380000)
  to   space 6656K, 0% used [0x00000000ec780000,0x00000000ec780000,0x00000000ece00000)
 ParOldGen       total 271872K, used 229742K [0x00000000c0000000, 0x00000000d0980000, 0x00000000eab00000)
  object space 271872K, 84% used [0x00000000c0000000,0x00000000ce05b808,0x00000000d0980000)
 Metaspace       used 52518K, committed 53440K, reserved 1114112K
  class space    used 6120K, committed 6528K, reserved 1048576K
}
Event: 40.286 GC heap after
{Heap after GC invocations=133 (full 8):
 PSYoungGen      total 28160K, used 5247K [0x00000000eab00000, 0x00000000ecd00000, 0x0000000100000000)
  eden space 22528K, 0% used [0x00000000eab00000,0x00000000eab00000,0x00000000ec100000)
  from space 5632K, 93% used [0x00000000ec780000,0x00000000ecc9fe48,0x00000000ecd00000)
  to   space 5632K, 0% used [0x00000000ec200000,0x00000000ec200000,0x00000000ec780000)
 ParOldGen       total 271872K, used 233688K [0x00000000c0000000, 0x00000000d0980000, 0x00000000eab00000)
  object space 271872K, 85% used [0x00000000c0000000,0x00000000ce436360,0x00000000d0980000)
 Metaspace       used 52518K, committed 53440K, reserved 1114112K
  class space    used 6120K, committed 6528K, reserved 1048576K
}
Event: 40.529 GC heap before
{Heap before GC invocations=134 (full 8):
 PSYoungGen      total 28160K, used 27775K [0x00000000eab00000, 0x00000000ecd00000, 0x0000000100000000)
  eden space 22528K, 100% used [0x00000000eab00000,0x00000000ec100000,0x00000000ec100000)
  from space 5632K, 93% used [0x00000000ec780000,0x00000000ecc9fe48,0x00000000ecd00000)
  to   space 5632K, 0% used [0x00000000ec200000,0x00000000ec200000,0x00000000ec780000)
 ParOldGen       total 271872K, used 233688K [0x00000000c0000000, 0x00000000d0980000, 0x00000000eab00000)
  object space 271872K, 85% used [0x00000000c0000000,0x00000000ce436360,0x00000000d0980000)
 Metaspace       used 52552K, committed 53504K, reserved 1114112K
  class space    used 6126K, committed 6528K, reserved 1048576K
}
Event: 40.557 GC heap after
{Heap after GC invocations=134 (full 8):
 PSYoungGen      total 29184K, used 4966K [0x00000000eab00000, 0x00000000ecd80000, 0x0000000100000000)
  eden space 23552K, 0% used [0x00000000eab00000,0x00000000eab00000,0x00000000ec200000)
  from space 5632K, 88% used [0x00000000ec200000,0x00000000ec6d9ba8,0x00000000ec780000)
  to   space 5120K, 0% used [0x00000000ec880000,0x00000000ec880000,0x00000000ecd80000)
 ParOldGen       total 271872K, used 238045K [0x00000000c0000000, 0x00000000d0980000, 0x00000000eab00000)
  object space 271872K, 87% used [0x00000000c0000000,0x00000000ce8775c8,0x00000000d0980000)
 Metaspace       used 52552K, committed 53504K, reserved 1114112K
  class space    used 6126K, committed 6528K, reserved 1048576K
}
Event: 40.787 GC heap before
{Heap before GC invocations=135 (full 8):
 PSYoungGen      total 29184K, used 28518K [0x00000000eab00000, 0x00000000ecd80000, 0x0000000100000000)
  eden space 23552K, 100% used [0x00000000eab00000,0x00000000ec200000,0x00000000ec200000)
  from space 5632K, 88% used [0x00000000ec200000,0x00000000ec6d9ba8,0x00000000ec780000)
  to   space 5120K, 0% used [0x00000000ec880000,0x00000000ec880000,0x00000000ecd80000)
 ParOldGen       total 271872K, used 238045K [0x00000000c0000000, 0x00000000d0980000, 0x00000000eab00000)
  object space 271872K, 87% used [0x00000000c0000000,0x00000000ce8775c8,0x00000000d0980000)
 Metaspace       used 52795K, committed 53696K, reserved 1114112K
  class space    used 6164K, committed 6528K, reserved 1048576K
}
Event: 40.817 GC heap after
{Heap after GC invocations=135 (full 8):
 PSYoungGen      total 30208K, used 4876K [0x00000000eab00000, 0x00000000ece80000, 0x0000000100000000)
  eden space 25088K, 0% used [0x00000000eab00000,0x00000000eab00000,0x00000000ec380000)
  from space 5120K, 95% used [0x00000000ec880000,0x00000000ecd43310,0x00000000ecd80000)
  to   space 5120K, 0% used [0x00000000ec380000,0x00000000ec380000,0x00000000ec880000)
 ParOldGen       total 271872K, used 242853K [0x00000000c0000000, 0x00000000d0980000, 0x00000000eab00000)
  object space 271872K, 89% used [0x00000000c0000000,0x00000000ced294d8,0x00000000d0980000)
 Metaspace       used 52795K, committed 53696K, reserved 1114112K
  class space    used 6164K, committed 6528K, reserved 1048576K
}
Event: 41.113 GC heap before
{Heap before GC invocations=136 (full 8):
 PSYoungGen      total 30208K, used 29964K [0x00000000eab00000, 0x00000000ece80000, 0x0000000100000000)
  eden space 25088K, 100% used [0x00000000eab00000,0x00000000ec380000,0x00000000ec380000)
  from space 5120K, 95% used [0x00000000ec880000,0x00000000ecd43310,0x00000000ecd80000)
  to   space 5120K, 0% used [0x00000000ec380000,0x00000000ec380000,0x00000000ec880000)
 ParOldGen       total 271872K, used 242853K [0x00000000c0000000, 0x00000000d0980000, 0x00000000eab00000)
  object space 271872K, 89% used [0x00000000c0000000,0x00000000ced294d8,0x00000000d0980000)
 Metaspace       used 53100K, committed 54080K, reserved 1114112K
  class space    used 6207K, committed 6656K, reserved 1048576K
}
Event: 41.192 GC heap after
{Heap after GC invocations=136 (full 8):
 PSYoungGen      total 30208K, used 5094K [0x00000000eab00000, 0x00000000edc80000, 0x0000000100000000)
  eden space 25088K, 0% used [0x00000000eab00000,0x00000000eab00000,0x00000000ec380000)
  from space 5120K, 99% used [0x00000000ec380000,0x00000000ec8799a8,0x00000000ec880000)
  to   space 11264K, 0% used [0x00000000ed180000,0x00000000ed180000,0x00000000edc80000)
 ParOldGen       total 271872K, used 247700K [0x00000000c0000000, 0x00000000d0980000, 0x00000000eab00000)
  object space 271872K, 91% used [0x00000000c0000000,0x00000000cf1e5098,0x00000000d0980000)
 Metaspace       used 53100K, committed 54080K, reserved 1114112K
  class space    used 6207K, committed 6656K, reserved 1048576K
}
Event: 41.491 GC heap before
{Heap before GC invocations=137 (full 8):
 PSYoungGen      total 30208K, used 30182K [0x00000000eab00000, 0x00000000edc80000, 0x0000000100000000)
  eden space 25088K, 100% used [0x00000000eab00000,0x00000000ec380000,0x00000000ec380000)
  from space 5120K, 99% used [0x00000000ec380000,0x00000000ec8799a8,0x00000000ec880000)
  to   space 11264K, 0% used [0x00000000ed180000,0x00000000ed180000,0x00000000edc80000)
 ParOldGen       total 271872K, used 247700K [0x00000000c0000000, 0x00000000d0980000, 0x00000000eab00000)
  object space 271872K, 91% used [0x00000000c0000000,0x00000000cf1e5098,0x00000000d0980000)
 Metaspace       used 53392K, committed 54400K, reserved 1114112K
  class space    used 6251K, committed 6656K, reserved 1048576K
}
Event: 41.514 GC heap after
{Heap after GC invocations=137 (full 8):
 PSYoungGen      total 34304K, used 6378K [0x00000000eab00000, 0x00000000ed800000, 0x0000000100000000)
  eden space 27648K, 0% used [0x00000000eab00000,0x00000000eab00000,0x00000000ec600000)
  from space 6656K, 95% used [0x00000000ed180000,0x00000000ed7baab0,0x00000000ed800000)
  to   space 7680K, 0% used [0x00000000ec900000,0x00000000ec900000,0x00000000ed080000)
 ParOldGen       total 271872K, used 252740K [0x00000000c0000000, 0x00000000d0980000, 0x00000000eab00000)
  object space 271872K, 92% used [0x00000000c0000000,0x00000000cf6d1008,0x00000000d0980000)
 Metaspace       used 53392K, committed 54400K, reserved 1114112K
  class space    used 6251K, committed 6656K, reserved 1048576K
}
Event: 41.668 GC heap before
{Heap before GC invocations=138 (full 8):
 PSYoungGen      total 34304K, used 34018K [0x00000000eab00000, 0x00000000ed800000, 0x0000000100000000)
  eden space 27648K, 99% used [0x00000000eab00000,0x00000000ec5fdf88,0x00000000ec600000)
  from space 6656K, 95% used [0x00000000ed180000,0x00000000ed7baab0,0x00000000ed800000)
  to   space 7680K, 0% used [0x00000000ec900000,0x00000000ec900000,0x00000000ed080000)
 ParOldGen       total 271872K, used 252740K [0x00000000c0000000, 0x00000000d0980000, 0x00000000eab00000)
  object space 271872K, 92% used [0x00000000c0000000,0x00000000cf6d1008,0x00000000d0980000)
 Metaspace       used 53475K, committed 54400K, reserved 1114112K
  class space    used 6262K, committed 6656K, reserved 1048576K
}
Event: 41.687 GC heap after
{Heap after GC invocations=138 (full 8):
 PSYoungGen      total 38400K, used 7671K [0x00000000eab00000, 0x00000000ee900000, 0x0000000100000000)
  eden space 30720K, 0% used [0x00000000eab00000,0x00000000eab00000,0x00000000ec900000)
  from space 7680K, 99% used [0x00000000ec900000,0x00000000ed07ddb8,0x00000000ed080000)
  to   space 16384K, 0% used [0x00000000ed900000,0x00000000ed900000,0x00000000ee900000)
 ParOldGen       total 271872K, used 259529K [0x00000000c0000000, 0x00000000d0980000, 0x00000000eab00000)
  object space 271872K, 95% used [0x00000000c0000000,0x00000000cfd726e8,0x00000000d0980000)
 Metaspace       used 53475K, committed 54400K, reserved 1114112K
  class space    used 6262K, committed 6656K, reserved 1048576K
}
Event: 41.833 GC heap before
{Heap before GC invocations=139 (full 8):
 PSYoungGen      total 38400K, used 38391K [0x00000000eab00000, 0x00000000ee900000, 0x0000000100000000)
  eden space 30720K, 100% used [0x00000000eab00000,0x00000000ec900000,0x00000000ec900000)
  from space 7680K, 99% used [0x00000000ec900000,0x00000000ed07ddb8,0x00000000ed080000)
  to   space 16384K, 0% used [0x00000000ed900000,0x00000000ed900000,0x00000000ee900000)
 ParOldGen       total 271872K, used 259529K [0x00000000c0000000, 0x00000000d0980000, 0x00000000eab00000)
  object space 271872K, 95% used [0x00000000c0000000,0x00000000cfd726e8,0x00000000d0980000)
 Metaspace       used 53479K, committed 54400K, reserved 1114112K
  class space    used 6262K, committed 6656K, reserved 1048576K
}
Event: 41.856 GC heap after
{Heap after GC invocations=139 (full 8):
 PSYoungGen      total 47104K, used 11471K [0x00000000eab00000, 0x00000000ee580000, 0x0000000100000000)
  eden space 34304K, 0% used [0x00000000eab00000,0x00000000eab00000,0x00000000ecc80000)
  from space 12800K, 89% used [0x00000000ed900000,0x00000000ee433cb8,0x00000000ee580000)
  to   space 12800K, 0% used [0x00000000ecc80000,0x00000000ecc80000,0x00000000ed900000)
 ParOldGen       total 271872K, used 266894K [0x00000000c0000000, 0x00000000d0980000, 0x00000000eab00000)
  object space 271872K, 98% used [0x00000000c0000000,0x00000000d04a39a0,0x00000000d0980000)
 Metaspace       used 53479K, committed 54400K, reserved 1114112K
  class space    used 6262K, committed 6656K, reserved 1048576K
}
Event: 41.857 GC heap before
{Heap before GC invocations=140 (full 9):
 PSYoungGen      total 47104K, used 11471K [0x00000000eab00000, 0x00000000ee580000, 0x0000000100000000)
  eden space 34304K, 0% used [0x00000000eab00000,0x00000000eab00000,0x00000000ecc80000)
  from space 12800K, 89% used [0x00000000ed900000,0x00000000ee433cb8,0x00000000ee580000)
  to   space 12800K, 0% used [0x00000000ecc80000,0x00000000ecc80000,0x00000000ed900000)
 ParOldGen       total 271872K, used 266894K [0x00000000c0000000, 0x00000000d0980000, 0x00000000eab00000)
  object space 271872K, 98% used [0x00000000c0000000,0x00000000d04a39a0,0x00000000d0980000)
 Metaspace       used 53479K, committed 54400K, reserved 1114112K
  class space    used 6262K, committed 6656K, reserved 1048576K
}
Event: 42.581 GC heap after
{Heap after GC invocations=140 (full 9):
 PSYoungGen      total 47104K, used 4650K [0x00000000eab00000, 0x00000000ee900000, 0x0000000100000000)
  eden space 34304K, 0% used [0x00000000eab00000,0x00000000eab00000,0x00000000ecc80000)
  from space 12800K, 36% used [0x00000000ed900000,0x00000000edd8a858,0x00000000ee580000)
  to   space 12800K, 0% used [0x00000000ecc80000,0x00000000ecc80000,0x00000000ed900000)
 ParOldGen       total 336384K, used 271564K [0x00000000c0000000, 0x00000000d4880000, 0x00000000eab00000)
  object space 336384K, 80% used [0x00000000c0000000,0x00000000d0933338,0x00000000d4880000)
 Metaspace       used 53479K, committed 54400K, reserved 1114112K
  class space    used 6262K, committed 6656K, reserved 1048576K
}
Event: 62.655 GC heap before
{Heap before GC invocations=141 (full 9):
 PSYoungGen      total 47104K, used 38954K [0x00000000eab00000, 0x00000000ee900000, 0x0000000100000000)
  eden space 34304K, 100% used [0x00000000eab00000,0x00000000ecc80000,0x00000000ecc80000)
  from space 12800K, 36% used [0x00000000ed900000,0x00000000edd8a858,0x00000000ee580000)
  to   space 12800K, 0% used [0x00000000ecc80000,0x00000000ecc80000,0x00000000ed900000)
 ParOldGen       total 336384K, used 271564K [0x00000000c0000000, 0x00000000d4880000, 0x00000000eab00000)
  object space 336384K, 80% used [0x00000000c0000000,0x00000000d0933338,0x00000000d4880000)
 Metaspace       used 54671K, committed 55616K, reserved 1114112K
  class space    used 6391K, committed 6784K, reserved 1048576K
}

